avr. 03, 2016 1:37:26 PM org.apache.catalina.core.StandardWrapperValve invoke
GRAVE: Servlet.service() for servlet [jsp] in context with path [] threw exception [Impossible de compiler la classe pour la JSP: 

Une erreur s'est produite à la ligne: 17 dans le fichier jsp: /form.jsp
Syntax error, insert ";" to complete Statement
14: %>
15: 
16: <form action="form.jsp">
17: Auteur : <input type="text" name="author" value="<%author.toString()%>"><br/>
18: Titre : <input type="text" name="title" value="<%title.toString()%>">><br/>
19: Ann&eacute;e : <input type="text" name="year" value="<%year.toString()%>">><br/>
20: <input type="submit">


Une erreur s'est produite à la ligne: 18 dans le fichier jsp: /form.jsp
title cannot be resolved
15: 
16: <form action="form.jsp">
17: Auteur : <input type="text" name="author" value="<%author.toString()%>"><br/>
18: Titre : <input type="text" name="title" value="<%title.toString()%>">><br/>
19: Ann&eacute;e : <input type="text" name="year" value="<%year.toString()%>">><br/>
20: <input type="submit">
21: </form>


Une erreur s'est produite à la ligne: 18 dans le fichier jsp: /form.jsp
Syntax error, insert ";" to complete Statement
15: 
16: <form action="form.jsp">
17: Auteur : <input type="text" name="author" value="<%author.toString()%>"><br/>
18: Titre : <input type="text" name="title" value="<%title.toString()%>">><br/>
19: Ann&eacute;e : <input type="text" name="year" value="<%year.toString()%>">><br/>
20: <input type="submit">
21: </form>


Une erreur s'est produite à la ligne: 19 dans le fichier jsp: /form.jsp
year cannot be resolved
16: <form action="form.jsp">
17: Auteur : <input type="text" name="author" value="<%author.toString()%>"><br/>
18: Titre : <input type="text" name="title" value="<%title.toString()%>">><br/>
19: Ann&eacute;e : <input type="text" name="year" value="<%year.toString()%>">><br/>
20: <input type="submit">
21: </form>
22: </html>


Une erreur s'est produite à la ligne: 19 dans le fichier jsp: /form.jsp
Syntax error, insert ";" to complete Statement
16: <form action="form.jsp">
17: Auteur : <input type="text" name="author" value="<%author.toString()%>"><br/>
18: Titre : <input type="text" name="title" value="<%title.toString()%>">><br/>
19: Ann&eacute;e : <input type="text" name="year" value="<%year.toString()%>">><br/>
20: <input type="submit">
21: </form>
22: </html>


Stacktrace:] with root cause
org.apache.jasper.JasperException: Impossible de compiler la classe pour la JSP: 

Une erreur s'est produite à la ligne: 17 dans le fichier jsp: /form.jsp
Syntax error, insert ";" to complete Statement
14: %>
15: 
16: <form action="form.jsp">
17: Auteur : <input type="text" name="author" value="<%author.toString()%>"><br/>
18: Titre : <input type="text" name="title" value="<%title.toString()%>">><br/>
19: Ann&eacute;e : <input type="text" name="year" value="<%year.toString()%>">><br/>
20: <input type="submit">


Une erreur s'est produite à la ligne: 18 dans le fichier jsp: /form.jsp
title cannot be resolved
15: 
16: <form action="form.jsp">
17: Auteur : <input type="text" name="author" value="<%author.toString()%>"><br/>
18: Titre : <input type="text" name="title" value="<%title.toString()%>">><br/>
19: Ann&eacute;e : <input type="text" name="year" value="<%year.toString()%>">><br/>
20: <input type="submit">
21: </form>


Une erreur s'est produite à la ligne: 18 dans le fichier jsp: /form.jsp
Syntax error, insert ";" to complete Statement
15: 
16: <form action="form.jsp">
17: Auteur : <input type="text" name="author" value="<%author.toString()%>"><br/>
18: Titre : <input type="text" name="title" value="<%title.toString()%>">><br/>
19: Ann&eacute;e : <input type="text" name="year" value="<%year.toString()%>">><br/>
20: <input type="submit">
21: </form>


Une erreur s'est produite à la ligne: 19 dans le fichier jsp: /form.jsp
year cannot be resolved
16: <form action="form.jsp">
17: Auteur : <input type="text" name="author" value="<%author.toString()%>"><br/>
18: Titre : <input type="text" name="title" value="<%title.toString()%>">><br/>
19: Ann&eacute;e : <input type="text" name="year" value="<%year.toString()%>">><br/>
20: <input type="submit">
21: </form>
22: </html>


Une erreur s'est produite à la ligne: 19 dans le fichier jsp: /form.jsp
Syntax error, insert ";" to complete Statement
16: <form action="form.jsp">
17: Auteur : <input type="text" name="author" value="<%author.toString()%>"><br/>
18: Titre : <input type="text" name="title" value="<%title.toString()%>">><br/>
19: Ann&eacute;e : <input type="text" name="year" value="<%year.toString()%>">><br/>
20: <input type="submit">
21: </form>
22: </html>


Stacktrace:
	at org.apache.jasper.compiler.DefaultErrorHandler.javacError(DefaultErrorHandler.java:103)
	at org.apache.jasper.compiler.ErrorDispatcher.javacError(ErrorDispatcher.java:366)
	at org.apache.jasper.compiler.JDTCompiler.generateClass(JDTCompiler.java:476)
	at org.apache.jasper.compiler.Compiler.compile(Compiler.java:378)
	at org.apache.jasper.compiler.Compiler.compile(Compiler.java:353)
	at org.apache.jasper.compiler.Compiler.compile(Compiler.java:340)
	at org.apache.jasper.JspCompilationContext.compile(JspCompilationContext.java:657)
	at org.apache.jasper.servlet.JspServletWrapper.service(JspServletWrapper.java:357)
	at org.apache.jasper.servlet.JspServlet.serviceJspFile(JspServlet.java:390)
	at org.apache.jasper.servlet.JspServlet.service(JspServlet.java:334)
	at javax.servlet.http.HttpServlet.service(HttpServlet.java:727)
	at org.apache.catalina.core.ApplicationFilterChain.internalDoFilter(ApplicationFilterChain.java:303)
	at org.apache.catalina.core.ApplicationFilterChain.doFilter(ApplicationFilterChain.java:208)
	at org.apache.tomcat.websocket.server.WsFilter.doFilter(WsFilter.java:52)
	at org.apache.catalina.core.ApplicationFilterChain.internalDoFilter(ApplicationFilterChain.java:241)
	at org.apache.catalina.core.ApplicationFilterChain.doFilter(ApplicationFilterChain.java:208)
	at org.apache.catalina.core.StandardWrapperValve.invoke(StandardWrapperValve.java:220)
	at org.apache.catalina.core.StandardContextValve.invoke(StandardContextValve.java:122)
	at org.apache.tomee.catalina.OpenEJBValve.invoke(OpenEJBValve.java:44)
	at org.apache.catalina.authenticator.AuthenticatorBase.invoke(AuthenticatorBase.java:501)
	at org.apache.catalina.core.StandardHostValve.invoke(StandardHostValve.java:171)
	at org.apache.catalina.valves.ErrorReportValve.invoke(ErrorReportValve.java:103)
	at org.apache.catalina.valves.AccessLogValve.invoke(AccessLogValve.java:950)
	at org.apache.catalina.core.StandardEngineValve.invoke(StandardEngineValve.java:116)
	at org.apache.catalina.connector.CoyoteAdapter.service(CoyoteAdapter.java:408)
	at org.apache.coyote.http11.AbstractHttp11Processor.process(AbstractHttp11Processor.java:1070)
	at org.apache.coyote.AbstractProtocol$AbstractConnectionHandler.process(AbstractProtocol.java:611)
	at org.apache.tomcat.util.net.JIoEndpoint$SocketProcessor.run(JIoEndpoint.java:314)
	at java.util.concurrent.ThreadPoolExecutor.runWorker(ThreadPoolExecutor.java:1145)
	at java.util.concurrent.ThreadPoolExecutor$Worker.run(ThreadPoolExecutor.java:615)
	at org.apache.tomcat.util.threads.TaskThread$WrappingRunnable.run(TaskThread.java:61)
	at java.lang.Thread.run(Thread.java:745)

avr. 03, 2016 1:37:44 PM org.apache.catalina.core.StandardWrapperValve invoke
GRAVE: Servlet.service() for servlet [jsp] in context with path [] threw exception [Impossible de compiler la classe pour la JSP: 

Une erreur s'est produite à la ligne: 17 dans le fichier jsp: /form.jsp
Syntax error, insert ";" to complete Statement
14: %>
15: 
16: <form action="form.jsp">
17: Auteur : <input type="text" name="author" value="<%author.toString()%>"><br/>
18: Titre : <input type="text" name="title" value="<%title.toString()%>">><br/>
19: Ann&eacute;e : <input type="text" name="year" value="<%year.toString()%>">><br/>
20: <input type="submit">


Une erreur s'est produite à la ligne: 18 dans le fichier jsp: /form.jsp
title cannot be resolved
15: 
16: <form action="form.jsp">
17: Auteur : <input type="text" name="author" value="<%author.toString()%>"><br/>
18: Titre : <input type="text" name="title" value="<%title.toString()%>">><br/>
19: Ann&eacute;e : <input type="text" name="year" value="<%year.toString()%>">><br/>
20: <input type="submit">
21: </form>


Une erreur s'est produite à la ligne: 18 dans le fichier jsp: /form.jsp
Syntax error, insert ";" to complete Statement
15: 
16: <form action="form.jsp">
17: Auteur : <input type="text" name="author" value="<%author.toString()%>"><br/>
18: Titre : <input type="text" name="title" value="<%title.toString()%>">><br/>
19: Ann&eacute;e : <input type="text" name="year" value="<%year.toString()%>">><br/>
20: <input type="submit">
21: </form>


Une erreur s'est produite à la ligne: 19 dans le fichier jsp: /form.jsp
year cannot be resolved
16: <form action="form.jsp">
17: Auteur : <input type="text" name="author" value="<%author.toString()%>"><br/>
18: Titre : <input type="text" name="title" value="<%title.toString()%>">><br/>
19: Ann&eacute;e : <input type="text" name="year" value="<%year.toString()%>">><br/>
20: <input type="submit">
21: </form>
22: </html>


Une erreur s'est produite à la ligne: 19 dans le fichier jsp: /form.jsp
Syntax error, insert ";" to complete Statement
16: <form action="form.jsp">
17: Auteur : <input type="text" name="author" value="<%author.toString()%>"><br/>
18: Titre : <input type="text" name="title" value="<%title.toString()%>">><br/>
19: Ann&eacute;e : <input type="text" name="year" value="<%year.toString()%>">><br/>
20: <input type="submit">
21: </form>
22: </html>


Stacktrace:] with root cause
org.apache.jasper.JasperException: Impossible de compiler la classe pour la JSP: 

Une erreur s'est produite à la ligne: 17 dans le fichier jsp: /form.jsp
Syntax error, insert ";" to complete Statement
14: %>
15: 
16: <form action="form.jsp">
17: Auteur : <input type="text" name="author" value="<%author.toString()%>"><br/>
18: Titre : <input type="text" name="title" value="<%title.toString()%>">><br/>
19: Ann&eacute;e : <input type="text" name="year" value="<%year.toString()%>">><br/>
20: <input type="submit">


Une erreur s'est produite à la ligne: 18 dans le fichier jsp: /form.jsp
title cannot be resolved
15: 
16: <form action="form.jsp">
17: Auteur : <input type="text" name="author" value="<%author.toString()%>"><br/>
18: Titre : <input type="text" name="title" value="<%title.toString()%>">><br/>
19: Ann&eacute;e : <input type="text" name="year" value="<%year.toString()%>">><br/>
20: <input type="submit">
21: </form>


Une erreur s'est produite à la ligne: 18 dans le fichier jsp: /form.jsp
Syntax error, insert ";" to complete Statement
15: 
16: <form action="form.jsp">
17: Auteur : <input type="text" name="author" value="<%author.toString()%>"><br/>
18: Titre : <input type="text" name="title" value="<%title.toString()%>">><br/>
19: Ann&eacute;e : <input type="text" name="year" value="<%year.toString()%>">><br/>
20: <input type="submit">
21: </form>


Une erreur s'est produite à la ligne: 19 dans le fichier jsp: /form.jsp
year cannot be resolved
16: <form action="form.jsp">
17: Auteur : <input type="text" name="author" value="<%author.toString()%>"><br/>
18: Titre : <input type="text" name="title" value="<%title.toString()%>">><br/>
19: Ann&eacute;e : <input type="text" name="year" value="<%year.toString()%>">><br/>
20: <input type="submit">
21: </form>
22: </html>


Une erreur s'est produite à la ligne: 19 dans le fichier jsp: /form.jsp
Syntax error, insert ";" to complete Statement
16: <form action="form.jsp">
17: Auteur : <input type="text" name="author" value="<%author.toString()%>"><br/>
18: Titre : <input type="text" name="title" value="<%title.toString()%>">><br/>
19: Ann&eacute;e : <input type="text" name="year" value="<%year.toString()%>">><br/>
20: <input type="submit">
21: </form>
22: </html>


Stacktrace:
	at org.apache.jasper.compiler.DefaultErrorHandler.javacError(DefaultErrorHandler.java:103)
	at org.apache.jasper.compiler.ErrorDispatcher.javacError(ErrorDispatcher.java:366)
	at org.apache.jasper.compiler.JDTCompiler.generateClass(JDTCompiler.java:476)
	at org.apache.jasper.compiler.Compiler.compile(Compiler.java:378)
	at org.apache.jasper.compiler.Compiler.compile(Compiler.java:353)
	at org.apache.jasper.compiler.Compiler.compile(Compiler.java:340)
	at org.apache.jasper.JspCompilationContext.compile(JspCompilationContext.java:657)
	at org.apache.jasper.servlet.JspServletWrapper.service(JspServletWrapper.java:357)
	at org.apache.jasper.servlet.JspServlet.serviceJspFile(JspServlet.java:390)
	at org.apache.jasper.servlet.JspServlet.service(JspServlet.java:334)
	at javax.servlet.http.HttpServlet.service(HttpServlet.java:727)
	at org.apache.catalina.core.ApplicationFilterChain.internalDoFilter(ApplicationFilterChain.java:303)
	at org.apache.catalina.core.ApplicationFilterChain.doFilter(ApplicationFilterChain.java:208)
	at org.apache.tomcat.websocket.server.WsFilter.doFilter(WsFilter.java:52)
	at org.apache.catalina.core.ApplicationFilterChain.internalDoFilter(ApplicationFilterChain.java:241)
	at org.apache.catalina.core.ApplicationFilterChain.doFilter(ApplicationFilterChain.java:208)
	at org.apache.catalina.core.StandardWrapperValve.invoke(StandardWrapperValve.java:220)
	at org.apache.catalina.core.StandardContextValve.invoke(StandardContextValve.java:122)
	at org.apache.tomee.catalina.OpenEJBValve.invoke(OpenEJBValve.java:44)
	at org.apache.catalina.authenticator.AuthenticatorBase.invoke(AuthenticatorBase.java:501)
	at org.apache.catalina.core.StandardHostValve.invoke(StandardHostValve.java:171)
	at org.apache.catalina.valves.ErrorReportValve.invoke(ErrorReportValve.java:103)
	at org.apache.catalina.valves.AccessLogValve.invoke(AccessLogValve.java:950)
	at org.apache.catalina.core.StandardEngineValve.invoke(StandardEngineValve.java:116)
	at org.apache.catalina.connector.CoyoteAdapter.service(CoyoteAdapter.java:408)
	at org.apache.coyote.http11.AbstractHttp11Processor.process(AbstractHttp11Processor.java:1070)
	at org.apache.coyote.AbstractProtocol$AbstractConnectionHandler.process(AbstractProtocol.java:611)
	at org.apache.tomcat.util.net.JIoEndpoint$SocketProcessor.run(JIoEndpoint.java:314)
	at java.util.concurrent.ThreadPoolExecutor.runWorker(ThreadPoolExecutor.java:1145)
	at java.util.concurrent.ThreadPoolExecutor$Worker.run(ThreadPoolExecutor.java:615)
	at org.apache.tomcat.util.threads.TaskThread$WrappingRunnable.run(TaskThread.java:61)
	at java.lang.Thread.run(Thread.java:745)

avr. 03, 2016 1:50:55 PM org.apache.catalina.core.StandardWrapperValve invoke
GRAVE: Servlet.service() for servlet [jsp] in context with path [] threw exception [Impossible de compiler la classe pour la JSP: 

Une erreur s'est produite à la ligne: 15 dans le fichier jsp: /form.jsp
String literal is not properly closed by a double-quote
12:     
13:     out.print("<form action=\"form.jsp\">");
14: 	out.print("Auteur : <input type=\"text\" name=\"author\" value=\"+author+\"><br/>");
15: 	out.print("Titre : <input type=\"text\" name=\"title\" value=\"+title+\"><br/>
16: 	out.print("Ann&eacute;e : <input type=\"text\" name=\"year\" value=\"+year+\"><br/>");
17: 	out.print("<input type=\"submit\">");
18: } else {


Stacktrace:] with root cause
org.apache.jasper.JasperException: Impossible de compiler la classe pour la JSP: 

Une erreur s'est produite à la ligne: 15 dans le fichier jsp: /form.jsp
String literal is not properly closed by a double-quote
12:     
13:     out.print("<form action=\"form.jsp\">");
14: 	out.print("Auteur : <input type=\"text\" name=\"author\" value=\"+author+\"><br/>");
15: 	out.print("Titre : <input type=\"text\" name=\"title\" value=\"+title+\"><br/>
16: 	out.print("Ann&eacute;e : <input type=\"text\" name=\"year\" value=\"+year+\"><br/>");
17: 	out.print("<input type=\"submit\">");
18: } else {


Stacktrace:
	at org.apache.jasper.compiler.DefaultErrorHandler.javacError(DefaultErrorHandler.java:103)
	at org.apache.jasper.compiler.ErrorDispatcher.javacError(ErrorDispatcher.java:366)
	at org.apache.jasper.compiler.JDTCompiler.generateClass(JDTCompiler.java:476)
	at org.apache.jasper.compiler.Compiler.compile(Compiler.java:378)
	at org.apache.jasper.compiler.Compiler.compile(Compiler.java:353)
	at org.apache.jasper.compiler.Compiler.compile(Compiler.java:340)
	at org.apache.jasper.JspCompilationContext.compile(JspCompilationContext.java:657)
	at org.apache.jasper.servlet.JspServletWrapper.service(JspServletWrapper.java:357)
	at org.apache.jasper.servlet.JspServlet.serviceJspFile(JspServlet.java:390)
	at org.apache.jasper.servlet.JspServlet.service(JspServlet.java:334)
	at javax.servlet.http.HttpServlet.service(HttpServlet.java:727)
	at org.apache.catalina.core.ApplicationFilterChain.internalDoFilter(ApplicationFilterChain.java:303)
	at org.apache.catalina.core.ApplicationFilterChain.doFilter(ApplicationFilterChain.java:208)
	at org.apache.tomcat.websocket.server.WsFilter.doFilter(WsFilter.java:52)
	at org.apache.catalina.core.ApplicationFilterChain.internalDoFilter(ApplicationFilterChain.java:241)
	at org.apache.catalina.core.ApplicationFilterChain.doFilter(ApplicationFilterChain.java:208)
	at org.apache.catalina.core.StandardWrapperValve.invoke(StandardWrapperValve.java:220)
	at org.apache.catalina.core.StandardContextValve.invoke(StandardContextValve.java:122)
	at org.apache.tomee.catalina.OpenEJBValve.invoke(OpenEJBValve.java:44)
	at org.apache.catalina.authenticator.AuthenticatorBase.invoke(AuthenticatorBase.java:501)
	at org.apache.catalina.core.StandardHostValve.invoke(StandardHostValve.java:171)
	at org.apache.catalina.valves.ErrorReportValve.invoke(ErrorReportValve.java:103)
	at org.apache.catalina.valves.AccessLogValve.invoke(AccessLogValve.java:950)
	at org.apache.catalina.core.StandardEngineValve.invoke(StandardEngineValve.java:116)
	at org.apache.catalina.connector.CoyoteAdapter.service(CoyoteAdapter.java:408)
	at org.apache.coyote.http11.AbstractHttp11Processor.process(AbstractHttp11Processor.java:1070)
	at org.apache.coyote.AbstractProtocol$AbstractConnectionHandler.process(AbstractProtocol.java:611)
	at org.apache.tomcat.util.net.JIoEndpoint$SocketProcessor.run(JIoEndpoint.java:314)
	at java.util.concurrent.ThreadPoolExecutor.runWorker(ThreadPoolExecutor.java:1145)
	at java.util.concurrent.ThreadPoolExecutor$Worker.run(ThreadPoolExecutor.java:615)
	at org.apache.tomcat.util.threads.TaskThread$WrappingRunnable.run(TaskThread.java:61)
	at java.lang.Thread.run(Thread.java:745)

avr. 03, 2016 1:51:39 PM org.apache.catalina.core.StandardWrapperValve invoke
GRAVE: Servlet.service() for servlet [jsp] in context with path [] threw exception [Impossible de compiler la classe pour la JSP: 

Une erreur s'est produite à la ligne: 21 dans le fichier jsp: /form.jsp
String literal is not properly closed by a double-quote
18: } else {
19: 	out.print("<form action=\"form.jsp\">");
20: 	out.print("Auteur : <input type=\"text\" name=\"author\"><br/>");
21: 	out.print("Titre : <input type=\"text\" name=\"title\" ><br/>
22: 	out.print("Ann&eacute;e : <input type=\"text\" name=\"year\"><br/>");
23: 	out.print("<input type=\"submit\">");
24: 	</form>


Stacktrace:] with root cause
org.apache.jasper.JasperException: Impossible de compiler la classe pour la JSP: 

Une erreur s'est produite à la ligne: 21 dans le fichier jsp: /form.jsp
String literal is not properly closed by a double-quote
18: } else {
19: 	out.print("<form action=\"form.jsp\">");
20: 	out.print("Auteur : <input type=\"text\" name=\"author\"><br/>");
21: 	out.print("Titre : <input type=\"text\" name=\"title\" ><br/>
22: 	out.print("Ann&eacute;e : <input type=\"text\" name=\"year\"><br/>");
23: 	out.print("<input type=\"submit\">");
24: 	</form>


Stacktrace:
	at org.apache.jasper.compiler.DefaultErrorHandler.javacError(DefaultErrorHandler.java:103)
	at org.apache.jasper.compiler.ErrorDispatcher.javacError(ErrorDispatcher.java:366)
	at org.apache.jasper.compiler.JDTCompiler.generateClass(JDTCompiler.java:476)
	at org.apache.jasper.compiler.Compiler.compile(Compiler.java:378)
	at org.apache.jasper.compiler.Compiler.compile(Compiler.java:353)
	at org.apache.jasper.compiler.Compiler.compile(Compiler.java:340)
	at org.apache.jasper.JspCompilationContext.compile(JspCompilationContext.java:657)
	at org.apache.jasper.servlet.JspServletWrapper.service(JspServletWrapper.java:357)
	at org.apache.jasper.servlet.JspServlet.serviceJspFile(JspServlet.java:390)
	at org.apache.jasper.servlet.JspServlet.service(JspServlet.java:334)
	at javax.servlet.http.HttpServlet.service(HttpServlet.java:727)
	at org.apache.catalina.core.ApplicationFilterChain.internalDoFilter(ApplicationFilterChain.java:303)
	at org.apache.catalina.core.ApplicationFilterChain.doFilter(ApplicationFilterChain.java:208)
	at org.apache.tomcat.websocket.server.WsFilter.doFilter(WsFilter.java:52)
	at org.apache.catalina.core.ApplicationFilterChain.internalDoFilter(ApplicationFilterChain.java:241)
	at org.apache.catalina.core.ApplicationFilterChain.doFilter(ApplicationFilterChain.java:208)
	at org.apache.catalina.core.StandardWrapperValve.invoke(StandardWrapperValve.java:220)
	at org.apache.catalina.core.StandardContextValve.invoke(StandardContextValve.java:122)
	at org.apache.tomee.catalina.OpenEJBValve.invoke(OpenEJBValve.java:44)
	at org.apache.catalina.authenticator.AuthenticatorBase.invoke(AuthenticatorBase.java:501)
	at org.apache.catalina.core.StandardHostValve.invoke(StandardHostValve.java:171)
	at org.apache.catalina.valves.ErrorReportValve.invoke(ErrorReportValve.java:103)
	at org.apache.catalina.valves.AccessLogValve.invoke(AccessLogValve.java:950)
	at org.apache.catalina.core.StandardEngineValve.invoke(StandardEngineValve.java:116)
	at org.apache.catalina.connector.CoyoteAdapter.service(CoyoteAdapter.java:408)
	at org.apache.coyote.http11.AbstractHttp11Processor.process(AbstractHttp11Processor.java:1070)
	at org.apache.coyote.AbstractProtocol$AbstractConnectionHandler.process(AbstractProtocol.java:611)
	at org.apache.tomcat.util.net.JIoEndpoint$SocketProcessor.run(JIoEndpoint.java:314)
	at java.util.concurrent.ThreadPoolExecutor.runWorker(ThreadPoolExecutor.java:1145)
	at java.util.concurrent.ThreadPoolExecutor$Worker.run(ThreadPoolExecutor.java:615)
	at org.apache.tomcat.util.threads.TaskThread$WrappingRunnable.run(TaskThread.java:61)
	at java.lang.Thread.run(Thread.java:745)

avr. 03, 2016 1:52:04 PM org.apache.catalina.core.StandardWrapperValve invoke
GRAVE: Servlet.service() for servlet [jsp] in context with path [] threw exception [Impossible de compiler la classe pour la JSP: 

Une erreur s'est produite à la ligne: 21 dans le fichier jsp: /form.jsp
String literal is not properly closed by a double-quote
18: } else {
19: 	out.print("<form action=\"form.jsp\">");
20: 	out.print("Auteur : <input type=\"text\" name=\"author\"><br/>");
21: 	out.print("Titre : <input type=\"text\" name=\"title\" ><br/>
22: 	out.print("Ann&eacute;e : <input type=\"text\" name=\"year\"><br/>");
23: 	out.print("<input type=\"submit\">");
24: 	</form>


Stacktrace:] with root cause
org.apache.jasper.JasperException: Impossible de compiler la classe pour la JSP: 

Une erreur s'est produite à la ligne: 21 dans le fichier jsp: /form.jsp
String literal is not properly closed by a double-quote
18: } else {
19: 	out.print("<form action=\"form.jsp\">");
20: 	out.print("Auteur : <input type=\"text\" name=\"author\"><br/>");
21: 	out.print("Titre : <input type=\"text\" name=\"title\" ><br/>
22: 	out.print("Ann&eacute;e : <input type=\"text\" name=\"year\"><br/>");
23: 	out.print("<input type=\"submit\">");
24: 	</form>


Stacktrace:
	at org.apache.jasper.compiler.DefaultErrorHandler.javacError(DefaultErrorHandler.java:103)
	at org.apache.jasper.compiler.ErrorDispatcher.javacError(ErrorDispatcher.java:366)
	at org.apache.jasper.compiler.JDTCompiler.generateClass(JDTCompiler.java:476)
	at org.apache.jasper.compiler.Compiler.compile(Compiler.java:378)
	at org.apache.jasper.compiler.Compiler.compile(Compiler.java:353)
	at org.apache.jasper.compiler.Compiler.compile(Compiler.java:340)
	at org.apache.jasper.JspCompilationContext.compile(JspCompilationContext.java:657)
	at org.apache.jasper.servlet.JspServletWrapper.service(JspServletWrapper.java:357)
	at org.apache.jasper.servlet.JspServlet.serviceJspFile(JspServlet.java:390)
	at org.apache.jasper.servlet.JspServlet.service(JspServlet.java:334)
	at javax.servlet.http.HttpServlet.service(HttpServlet.java:727)
	at org.apache.catalina.core.ApplicationFilterChain.internalDoFilter(ApplicationFilterChain.java:303)
	at org.apache.catalina.core.ApplicationFilterChain.doFilter(ApplicationFilterChain.java:208)
	at org.apache.tomcat.websocket.server.WsFilter.doFilter(WsFilter.java:52)
	at org.apache.catalina.core.ApplicationFilterChain.internalDoFilter(ApplicationFilterChain.java:241)
	at org.apache.catalina.core.ApplicationFilterChain.doFilter(ApplicationFilterChain.java:208)
	at org.apache.catalina.core.StandardWrapperValve.invoke(StandardWrapperValve.java:220)
	at org.apache.catalina.core.StandardContextValve.invoke(StandardContextValve.java:122)
	at org.apache.tomee.catalina.OpenEJBValve.invoke(OpenEJBValve.java:44)
	at org.apache.catalina.authenticator.AuthenticatorBase.invoke(AuthenticatorBase.java:501)
	at org.apache.catalina.core.StandardHostValve.invoke(StandardHostValve.java:171)
	at org.apache.catalina.valves.ErrorReportValve.invoke(ErrorReportValve.java:103)
	at org.apache.catalina.valves.AccessLogValve.invoke(AccessLogValve.java:950)
	at org.apache.catalina.core.StandardEngineValve.invoke(StandardEngineValve.java:116)
	at org.apache.catalina.connector.CoyoteAdapter.service(CoyoteAdapter.java:408)
	at org.apache.coyote.http11.AbstractHttp11Processor.process(AbstractHttp11Processor.java:1070)
	at org.apache.coyote.AbstractProtocol$AbstractConnectionHandler.process(AbstractProtocol.java:611)
	at org.apache.tomcat.util.net.JIoEndpoint$SocketProcessor.run(JIoEndpoint.java:314)
	at java.util.concurrent.ThreadPoolExecutor.runWorker(ThreadPoolExecutor.java:1145)
	at java.util.concurrent.ThreadPoolExecutor$Worker.run(ThreadPoolExecutor.java:615)
	at org.apache.tomcat.util.threads.TaskThread$WrappingRunnable.run(TaskThread.java:61)
	at java.lang.Thread.run(Thread.java:745)

avr. 03, 2016 1:52:16 PM org.apache.catalina.core.StandardWrapperValve invoke
GRAVE: Servlet.service() for servlet [jsp] in context with path [] threw exception [Impossible de compiler la classe pour la JSP: 

Une erreur s'est produite à la ligne: 24 dans le fichier jsp: /form.jsp
Syntax error on token "/", delete this token
21: 	out.print("Titre : <input type=\"text\" name=\"title\" ><br/>");
22: 	out.print("Ann&eacute;e : <input type=\"text\" name=\"year\"><br/>");
23: 	out.print("<input type=\"submit\">");
24: 	</form>
25: }
26: 
27: %>


Une erreur s'est produite à la ligne: 24 dans le fichier jsp: /form.jsp
form cannot be resolved to a type
21: 	out.print("Titre : <input type=\"text\" name=\"title\" ><br/>");
22: 	out.print("Ann&eacute;e : <input type=\"text\" name=\"year\"><br/>");
23: 	out.print("<input type=\"submit\">");
24: 	</form>
25: }
26: 
27: %>


Une erreur s'est produite à la ligne: 24 dans le fichier jsp: /form.jsp
Syntax error, insert "super ( ) ;" to complete Statement
21: 	out.print("Titre : <input type=\"text\" name=\"title\" ><br/>");
22: 	out.print("Ann&eacute;e : <input type=\"text\" name=\"year\"><br/>");
23: 	out.print("<input type=\"submit\">");
24: 	</form>
25: }
26: 
27: %>


Une erreur s'est produite à la ligne: 24 dans le fichier jsp: /form.jsp
Constructor call must be the first statement in a constructor
21: 	out.print("Titre : <input type=\"text\" name=\"title\" ><br/>");
22: 	out.print("Ann&eacute;e : <input type=\"text\" name=\"year\"><br/>");
23: 	out.print("<input type=\"submit\">");
24: 	</form>
25: }
26: 
27: %>


Stacktrace:] with root cause
org.apache.jasper.JasperException: Impossible de compiler la classe pour la JSP: 

Une erreur s'est produite à la ligne: 24 dans le fichier jsp: /form.jsp
Syntax error on token "/", delete this token
21: 	out.print("Titre : <input type=\"text\" name=\"title\" ><br/>");
22: 	out.print("Ann&eacute;e : <input type=\"text\" name=\"year\"><br/>");
23: 	out.print("<input type=\"submit\">");
24: 	</form>
25: }
26: 
27: %>


Une erreur s'est produite à la ligne: 24 dans le fichier jsp: /form.jsp
form cannot be resolved to a type
21: 	out.print("Titre : <input type=\"text\" name=\"title\" ><br/>");
22: 	out.print("Ann&eacute;e : <input type=\"text\" name=\"year\"><br/>");
23: 	out.print("<input type=\"submit\">");
24: 	</form>
25: }
26: 
27: %>


Une erreur s'est produite à la ligne: 24 dans le fichier jsp: /form.jsp
Syntax error, insert "super ( ) ;" to complete Statement
21: 	out.print("Titre : <input type=\"text\" name=\"title\" ><br/>");
22: 	out.print("Ann&eacute;e : <input type=\"text\" name=\"year\"><br/>");
23: 	out.print("<input type=\"submit\">");
24: 	</form>
25: }
26: 
27: %>


Une erreur s'est produite à la ligne: 24 dans le fichier jsp: /form.jsp
Constructor call must be the first statement in a constructor
21: 	out.print("Titre : <input type=\"text\" name=\"title\" ><br/>");
22: 	out.print("Ann&eacute;e : <input type=\"text\" name=\"year\"><br/>");
23: 	out.print("<input type=\"submit\">");
24: 	</form>
25: }
26: 
27: %>


Stacktrace:
	at org.apache.jasper.compiler.DefaultErrorHandler.javacError(DefaultErrorHandler.java:103)
	at org.apache.jasper.compiler.ErrorDispatcher.javacError(ErrorDispatcher.java:366)
	at org.apache.jasper.compiler.JDTCompiler.generateClass(JDTCompiler.java:476)
	at org.apache.jasper.compiler.Compiler.compile(Compiler.java:378)
	at org.apache.jasper.compiler.Compiler.compile(Compiler.java:353)
	at org.apache.jasper.compiler.Compiler.compile(Compiler.java:340)
	at org.apache.jasper.JspCompilationContext.compile(JspCompilationContext.java:657)
	at org.apache.jasper.servlet.JspServletWrapper.service(JspServletWrapper.java:357)
	at org.apache.jasper.servlet.JspServlet.serviceJspFile(JspServlet.java:390)
	at org.apache.jasper.servlet.JspServlet.service(JspServlet.java:334)
	at javax.servlet.http.HttpServlet.service(HttpServlet.java:727)
	at org.apache.catalina.core.ApplicationFilterChain.internalDoFilter(ApplicationFilterChain.java:303)
	at org.apache.catalina.core.ApplicationFilterChain.doFilter(ApplicationFilterChain.java:208)
	at org.apache.tomcat.websocket.server.WsFilter.doFilter(WsFilter.java:52)
	at org.apache.catalina.core.ApplicationFilterChain.internalDoFilter(ApplicationFilterChain.java:241)
	at org.apache.catalina.core.ApplicationFilterChain.doFilter(ApplicationFilterChain.java:208)
	at org.apache.catalina.core.StandardWrapperValve.invoke(StandardWrapperValve.java:220)
	at org.apache.catalina.core.StandardContextValve.invoke(StandardContextValve.java:122)
	at org.apache.tomee.catalina.OpenEJBValve.invoke(OpenEJBValve.java:44)
	at org.apache.catalina.authenticator.AuthenticatorBase.invoke(AuthenticatorBase.java:501)
	at org.apache.catalina.core.StandardHostValve.invoke(StandardHostValve.java:171)
	at org.apache.catalina.valves.ErrorReportValve.invoke(ErrorReportValve.java:103)
	at org.apache.catalina.valves.AccessLogValve.invoke(AccessLogValve.java:950)
	at org.apache.catalina.core.StandardEngineValve.invoke(StandardEngineValve.java:116)
	at org.apache.catalina.connector.CoyoteAdapter.service(CoyoteAdapter.java:408)
	at org.apache.coyote.http11.AbstractHttp11Processor.process(AbstractHttp11Processor.java:1070)
	at org.apache.coyote.AbstractProtocol$AbstractConnectionHandler.process(AbstractProtocol.java:611)
	at org.apache.tomcat.util.net.JIoEndpoint$SocketProcessor.run(JIoEndpoint.java:314)
	at java.util.concurrent.ThreadPoolExecutor.runWorker(ThreadPoolExecutor.java:1145)
	at java.util.concurrent.ThreadPoolExecutor$Worker.run(ThreadPoolExecutor.java:615)
	at org.apache.tomcat.util.threads.TaskThread$WrappingRunnable.run(TaskThread.java:61)
	at java.lang.Thread.run(Thread.java:745)

